<?xml version="1.0" encoding="UTF-8"?>
<!-- Generated by org.testng.reporters.JUnitReportReporter -->
<testsuite hostname="Arjun" name="com.testscript.arjun" tests="1" failures="0" timestamp="8 Sep 2017 03:35:45 GMT" time="39.865" errors="0">
  <testcase name="Registration" time="39.865" classname="com.testscript.arjun"/>
</testsuite> <!-- com.testscript.arjun -->
