<?xml version="1.0" encoding="UTF-8"?>
<!-- Generated by org.testng.reporters.JUnitReportReporter -->
<testsuite hostname="Arjun" name="com.testscript.Selectclass" tests="1" failures="0" timestamp="7 Sep 2017 06:42:21 GMT" time="39.287" errors="0">
  <testcase name="Select" time="39.287" classname="com.testscript.Selectclass"/>
</testsuite> <!-- com.testscript.Selectclass -->
