<?xml version="1.0" encoding="UTF-8"?>
<!-- Generated by org.testng.reporters.JUnitReportReporter -->
<testsuite skipped="0" hostname="Arjun" name="com.testscript.loginmodule" tests="1" failures="0" timestamp="07 Sep 2017 02:16:22 GMT" time="74.456" errors="0">
  <testcase name="login" time="74.456" classname="com.testscript.loginmodule"/>
</testsuite> <!-- com.testscript.loginmodule -->
